<?xml version="1.0" encoding="UTF-8"?>
<!-- Generated by org.testng.reporters.JUnitReportReporter -->
<testsuite hostname="LAPTOP-LGIT245Q" failures="0" tests="1" name="day3.InfosysTest" time="0.013" errors="0" timestamp="2025-01-11T20:21:55 IST" skipped="0">
  <testcase classname="day3.InfosysTest" name="infosystest1" time="0.013"/>
</testsuite> <!-- day3.InfosysTest -->
