<?xml version="1.0" encoding="UTF-8"?>
<!-- Generated by org.testng.reporters.JUnitReportReporter -->
<testsuite hostname="LAPTOP-LGIT245Q" failures="0" tests="5" name="day1.LoanCarTest" time="0.035" errors="0" timestamp="2025-01-12T00:04:42 IST" skipped="0">
  <testcase classname="day1.LoanCarTest" name="cartest3" time="0.002"/>
  <testcase classname="day1.LoanCarTest" name="cartest2" time="0.003"/>
  <testcase classname="day1.LoanCarTest" name="cartest5" time="0.001"/>
  <testcase classname="day1.LoanCarTest" name="cartest4" time="0.002"/>
  <testcase classname="day1.LoanCarTest" name="cartest1" time="0.027"/>
</testsuite> <!-- day1.LoanCarTest -->
