<?xml version="1.0" encoding="UTF-8"?>
<!-- Generated by org.testng.reporters.JUnitReportReporter -->
<testsuite hostname="LAPTOP-LGIT245Q" failures="0" tests="3" name="day2.CollageTest" time="0.001" errors="0" timestamp="2025-01-12T01:17:21 IST" skipped="0">
  <testcase classname="day2.CollageTest" name="collagetest1" time="0.000"/>
  <testcase classname="day2.CollageTest" name="collagetest3" time="0.000"/>
  <testcase classname="day2.CollageTest" name="collagetest2" time="0.001"/>
</testsuite> <!-- day2.CollageTest -->
