<?xml version="1.0" encoding="UTF-8"?>
<!-- Generated by org.testng.reporters.JUnitReportReporter -->
<testsuite hostname="LAPTOP-LGIT245Q" failures="0" tests="2" name="day1.LoanCarTest" time="0.006" errors="0" timestamp="2025-01-12T01:17:21 IST" skipped="0">
  <testcase classname="day1.LoanCarTest" name="cartest1" time="0.005"/>
  <testcase classname="day1.LoanCarTest" name="cartest5" time="0.001"/>
</testsuite> <!-- day1.LoanCarTest -->
