<?xml version="1.0" encoding="UTF-8"?>
<!-- Generated by org.testng.reporters.JUnitReportReporter -->
<testsuite hostname="LAPTOP-LGIT245Q" failures="0" tests="1" name="day2.SchoolTest" time="0.000" errors="0" timestamp="2025-01-12T01:40:55 IST" skipped="0">
  <testcase classname="day2.SchoolTest" name="schooltest1" time="0.000"/>
</testsuite> <!-- day2.SchoolTest -->
