<?xml version="1.0" encoding="UTF-8"?>
<!-- Generated by org.testng.reporters.JUnitReportReporter -->
<testsuite hostname="LAPTOP-LGIT245Q" failures="0" tests="1" name="day1.LoanHouseTest" time="0.000" errors="0" timestamp="2025-01-12T01:40:55 IST" skipped="0">
  <testcase classname="day1.LoanHouseTest" name="loanest1" time="0.000"/>
</testsuite> <!-- day1.LoanHouseTest -->
