<?xml version="1.0" encoding="UTF-8"?>
<!-- Generated by org.testng.reporters.JUnitReportReporter -->
<testsuite hostname="LAPTOP-LGIT245Q" failures="0" tests="2" name="day1.LoanCarTest" time="0.017" errors="0" timestamp="2025-01-12T01:40:55 IST" skipped="0">
  <testcase classname="day1.LoanCarTest" name="cartest1" time="0.017"/>
  <testcase classname="day1.LoanCarTest" name="cartest5" time="0.000"/>
</testsuite> <!-- day1.LoanCarTest -->
